Start-Date: 2024-04-14 10:45:00
Commandline: sudo apt update
Requested-By: root (1000)
Action: Installed package list
End-Date: 2024-04-14 10:46:10

Start-Date: 2024-04-14 10:46:10
Commandline: sudo apt upgrade
Requested-By: root (1000)
Action: Upgraded packages
End-Date: 2024-04-14 10:47:20

Start-Date: 2024-04-14 11:05:23
Commandline: sudo apt install vim
Requested-By: user1 (1001)
Action: Installed package vim
End-Date: 2024-04-14 11:06:35

Start-Date: 2024-04-14 11:07:54
Commandline: sudo apt remove nano
Requested-By: user1 (1001)
Action: Removed package nano
End-Date: 2024-04-14 11:08:10

Start-Date: 2024-04-14 12:00:00
Commandline: sudo apt install git
Requested-By: root (1000)
Action: Installed package git
End-Date: 2024-04-14 12:01:15

Start-Date: 2024-04-14 13:15:30
Commandline: sudo apt install python3-pip
Requested-By: user2 (1002)
Action: Installed package python3-pip
End-Date: 2024-04-14 13:17:45

Start-Date: 2024-04-14 14:00:00
Commandline: sudo apt update
Requested-By: user3 (1003)
Action: Updated package list
End-Date: 2024-04-14 14:01:30

Start-Date: 2024-04-14 14:10:00
Commandline: sudo apt upgrade
Requested-By: user3 (1003)
Action: Upgraded packages
End-Date: 2024-04-14 14:12:00

Start-Date: 2024-04-14 15:00:00
Commandline: sudo apt install curl
Requested-By: user1 (1001)
Action: Installed package curl
End-Date: 2024-04-14 15:01:15

Start-Date: 2024-04-14 15:45:00
Commandline: sudo apt remove vim
Requested-By: root (1000)
Action: Removed package vim
End-Date: 2024-04-14 15:46:00
